<?xml version="1.0" encoding="UTF-8"?>
<testsuite xmlns:xsi="http://www.w3.org/2001/XMLSchema-instance" xsi:noNamespaceSchemaLocation="https://maven.apache.org/surefire/maven-surefire-plugin/xsd/surefire-test-report.xsd" name="workbench1.Workbench1CpmsApplicationTests" time="1.207" tests="1" errors="0" skipped="0" failures="0">
  <properties>
    <property name="sun.desktop" value="gnome"/>
    <property name="awt.toolkit" value="sun.awt.X11.XToolkit"/>
    <property name="file.encoding.pkg" value="sun.io"/>
    <property name="java.specification.version" value="1.8"/>
    <property name="sun.cpu.isalist" value=""/>
    <property name="sun.jnu.encoding" value="UTF-8"/>
    <property name="java.class.path" value="/home/metallica/Documents/ΗΜΤΥ/Thesis/GREGOR_CHAIR_CASE_STUDY/Gregor Chair - FINAL/RPI/gregor-chair-case-study-diploma-thesis/Workbench1/Workbench1_Coordinator/target/test-classes:/home/metallica/Documents/ΗΜΤΥ/Thesis/GREGOR_CHAIR_CASE_STUDY/Gregor Chair - FINAL/RPI/gregor-chair-case-study-diploma-thesis/Workbench1/Workbench1_Coordinator/target/classes:/home/metallica/.m2/repository/org/springframework/boot/spring-boot-starter/2.0.6.RELEASE/spring-boot-starter-2.0.6.RELEASE.jar:/home/metallica/.m2/repository/org/springframework/boot/spring-boot/2.0.6.RELEASE/spring-boot-2.0.6.RELEASE.jar:/home/metallica/.m2/repository/org/springframework/spring-context/5.0.10.RELEASE/spring-context-5.0.10.RELEASE.jar:/home/metallica/.m2/repository/org/springframework/spring-aop/5.0.10.RELEASE/spring-aop-5.0.10.RELEASE.jar:/home/metallica/.m2/repository/org/springframework/spring-beans/5.0.10.RELEASE/spring-beans-5.0.10.RELEASE.jar:/home/metallica/.m2/repository/org/springframework/spring-expression/5.0.10.RELEASE/spring-expression-5.0.10.RELEASE.jar:/home/metallica/.m2/repository/org/springframework/boot/spring-boot-autoconfigure/2.0.6.RELEASE/spring-boot-autoconfigure-2.0.6.RELEASE.jar:/home/metallica/.m2/repository/org/springframework/boot/spring-boot-starter-logging/2.0.6.RELEASE/spring-boot-starter-logging-2.0.6.RELEASE.jar:/home/metallica/.m2/repository/ch/qos/logback/logback-classic/1.2.3/logback-classic-1.2.3.jar:/home/metallica/.m2/repository/ch/qos/logback/logback-core/1.2.3/logback-core-1.2.3.jar:/home/metallica/.m2/repository/org/apache/logging/log4j/log4j-to-slf4j/2.10.0/log4j-to-slf4j-2.10.0.jar:/home/metallica/.m2/repository/org/apache/logging/log4j/log4j-api/2.10.0/log4j-api-2.10.0.jar:/home/metallica/.m2/repository/org/slf4j/jul-to-slf4j/1.7.25/jul-to-slf4j-1.7.25.jar:/home/metallica/.m2/repository/javax/annotation/javax.annotation-api/1.3.2/javax.annotation-api-1.3.2.jar:/home/metallica/.m2/repository/org/springframework/spring-core/5.0.10.RELEASE/spring-core-5.0.10.RELEASE.jar:/home/metallica/.m2/repository/org/springframework/spring-jcl/5.0.10.RELEASE/spring-jcl-5.0.10.RELEASE.jar:/home/metallica/.m2/repository/org/yaml/snakeyaml/1.19/snakeyaml-1.19.jar:/home/metallica/.m2/repository/org/springframework/boot/spring-boot-starter-test/2.0.6.RELEASE/spring-boot-starter-test-2.0.6.RELEASE.jar:/home/metallica/.m2/repository/org/springframework/boot/spring-boot-test/2.0.6.RELEASE/spring-boot-test-2.0.6.RELEASE.jar:/home/metallica/.m2/repository/org/springframework/boot/spring-boot-test-autoconfigure/2.0.6.RELEASE/spring-boot-test-autoconfigure-2.0.6.RELEASE.jar:/home/metallica/.m2/repository/com/jayway/jsonpath/json-path/2.4.0/json-path-2.4.0.jar:/home/metallica/.m2/repository/net/minidev/json-smart/2.3/json-smart-2.3.jar:/home/metallica/.m2/repository/net/minidev/accessors-smart/1.2/accessors-smart-1.2.jar:/home/metallica/.m2/repository/org/ow2/asm/asm/5.0.4/asm-5.0.4.jar:/home/metallica/.m2/repository/org/slf4j/slf4j-api/1.7.25/slf4j-api-1.7.25.jar:/home/metallica/.m2/repository/junit/junit/4.12/junit-4.12.jar:/home/metallica/.m2/repository/org/assertj/assertj-core/3.9.1/assertj-core-3.9.1.jar:/home/metallica/.m2/repository/org/mockito/mockito-core/2.15.0/mockito-core-2.15.0.jar:/home/metallica/.m2/repository/net/bytebuddy/byte-buddy/1.7.11/byte-buddy-1.7.11.jar:/home/metallica/.m2/repository/net/bytebuddy/byte-buddy-agent/1.7.11/byte-buddy-agent-1.7.11.jar:/home/metallica/.m2/repository/org/objenesis/objenesis/2.6/objenesis-2.6.jar:/home/metallica/.m2/repository/org/hamcrest/hamcrest-core/1.3/hamcrest-core-1.3.jar:/home/metallica/.m2/repository/org/hamcrest/hamcrest-library/1.3/hamcrest-library-1.3.jar:/home/metallica/.m2/repository/org/skyscreamer/jsonassert/1.5.0/jsonassert-1.5.0.jar:/home/metallica/.m2/repository/com/vaadin/external/google/android-json/0.0.20131108.vaadin1/android-json-0.0.20131108.vaadin1.jar:/home/metallica/.m2/repository/org/springframework/spring-test/5.0.10.RELEASE/spring-test-5.0.10.RELEASE.jar:/home/metallica/.m2/repository/org/xmlunit/xmlunit-core/2.5.1/xmlunit-core-2.5.1.jar:/home/metallica/.m2/repository/org/eclipse/leshan/leshan-server-cf/1.0.0-M9/leshan-server-cf-1.0.0-M9.jar:/home/metallica/.m2/repository/org/eclipse/leshan/leshan-core-cf/1.0.0-M9/leshan-core-cf-1.0.0-M9.jar:/home/metallica/.m2/repository/org/eclipse/leshan/leshan-core/1.0.0-M9/leshan-core-1.0.0-M9.jar:/home/metallica/.m2/repository/com/eclipsesource/minimal-json/minimal-json/0.9.5/minimal-json-0.9.5.jar:/home/metallica/.m2/repository/org/eclipse/leshan/leshan-server-core/1.0.0-M9/leshan-server-core-1.0.0-M9.jar:/home/metallica/.m2/repository/org/eclipse/californium/californium-core/2.0.0-M12/californium-core-2.0.0-M12.jar:/home/metallica/.m2/repository/org/eclipse/californium/element-connector/2.0.0-M12/element-connector-2.0.0-M12.jar:/home/metallica/.m2/repository/org/eclipse/californium/element-connector/2.0.0-M12/element-connector-2.0.0-M12-tests.jar:/home/metallica/.m2/repository/org/eclipse/californium/scandium/2.0.0-M12/scandium-2.0.0-M12.jar:/home/metallica/.m2/repository/com/pi4j/pi4j-core/1.2-SNAPSHOT/pi4j-core-1.2-SNAPSHOT.jar:/home/metallica/.m2/repository/com/google/code/gson/gson/2.8.5/gson-2.8.5.jar:/home/metallica/.m2/repository/org/json/json/20160810/json-20160810.jar:/home/metallica/.m2/repository/com/kohlschutter/junixsocket/junixsocket-core/2.2.0/junixsocket-core-2.2.0.jar:/home/metallica/.m2/repository/com/kohlschutter/junixsocket/junixsocket-native-common/2.2.0/junixsocket-native-common-2.2.0.jar:/home/metallica/.m2/repository/com/kohlschutter/junixsocket/junixsocket-common/2.2.0/junixsocket-common-2.2.0.jar:"/>
    <property name="java.vm.vendor" value="Private Build"/>
    <property name="sun.arch.data.model" value="64"/>
    <property name="java.vendor.url" value="http://java.oracle.com/"/>
    <property name="user.timezone" value=""/>
    <property name="java.vm.specification.version" value="1.8"/>
    <property name="os.name" value="Linux"/>
    <property name="user.country" value="US"/>
    <property name="sun.java.launcher" value="SUN_STANDARD"/>
    <property name="sun.boot.library.path" value="/usr/lib/jvm/java-8-openjdk-amd64/jre/lib/amd64"/>
    <property name="sun.java.command" value="/home/metallica/Documents/ΗΜΤΥ/Thesis/GREGOR_CHAIR_CASE_STUDY/Gregor Chair - FINAL/RPI/gregor-chair-case-study-diploma-thesis/Workbench1/Workbench1_Coordinator/target/surefire/surefirebooter7508076892701488025.jar /home/metallica/Documents/ΗΜΤΥ/Thesis/GREGOR_CHAIR_CASE_STUDY/Gregor Chair - FINAL/RPI/gregor-chair-case-study-diploma-thesis/Workbench1/Workbench1_Coordinator/target/surefire 2019-09-25T10-15-06_136-jvmRun1 surefire7666725018199823742tmp surefire_02996278383998480443tmp"/>
    <property name="surefire.test.class.path" value="/home/metallica/Documents/ΗΜΤΥ/Thesis/GREGOR_CHAIR_CASE_STUDY/Gregor Chair - FINAL/RPI/gregor-chair-case-study-diploma-thesis/Workbench1/Workbench1_Coordinator/target/test-classes:/home/metallica/Documents/ΗΜΤΥ/Thesis/GREGOR_CHAIR_CASE_STUDY/Gregor Chair - FINAL/RPI/gregor-chair-case-study-diploma-thesis/Workbench1/Workbench1_Coordinator/target/classes:/home/metallica/.m2/repository/org/springframework/boot/spring-boot-starter/2.0.6.RELEASE/spring-boot-starter-2.0.6.RELEASE.jar:/home/metallica/.m2/repository/org/springframework/boot/spring-boot/2.0.6.RELEASE/spring-boot-2.0.6.RELEASE.jar:/home/metallica/.m2/repository/org/springframework/spring-context/5.0.10.RELEASE/spring-context-5.0.10.RELEASE.jar:/home/metallica/.m2/repository/org/springframework/spring-aop/5.0.10.RELEASE/spring-aop-5.0.10.RELEASE.jar:/home/metallica/.m2/repository/org/springframework/spring-beans/5.0.10.RELEASE/spring-beans-5.0.10.RELEASE.jar:/home/metallica/.m2/repository/org/springframework/spring-expression/5.0.10.RELEASE/spring-expression-5.0.10.RELEASE.jar:/home/metallica/.m2/repository/org/springframework/boot/spring-boot-autoconfigure/2.0.6.RELEASE/spring-boot-autoconfigure-2.0.6.RELEASE.jar:/home/metallica/.m2/repository/org/springframework/boot/spring-boot-starter-logging/2.0.6.RELEASE/spring-boot-starter-logging-2.0.6.RELEASE.jar:/home/metallica/.m2/repository/ch/qos/logback/logback-classic/1.2.3/logback-classic-1.2.3.jar:/home/metallica/.m2/repository/ch/qos/logback/logback-core/1.2.3/logback-core-1.2.3.jar:/home/metallica/.m2/repository/org/apache/logging/log4j/log4j-to-slf4j/2.10.0/log4j-to-slf4j-2.10.0.jar:/home/metallica/.m2/repository/org/apache/logging/log4j/log4j-api/2.10.0/log4j-api-2.10.0.jar:/home/metallica/.m2/repository/org/slf4j/jul-to-slf4j/1.7.25/jul-to-slf4j-1.7.25.jar:/home/metallica/.m2/repository/javax/annotation/javax.annotation-api/1.3.2/javax.annotation-api-1.3.2.jar:/home/metallica/.m2/repository/org/springframework/spring-core/5.0.10.RELEASE/spring-core-5.0.10.RELEASE.jar:/home/metallica/.m2/repository/org/springframework/spring-jcl/5.0.10.RELEASE/spring-jcl-5.0.10.RELEASE.jar:/home/metallica/.m2/repository/org/yaml/snakeyaml/1.19/snakeyaml-1.19.jar:/home/metallica/.m2/repository/org/springframework/boot/spring-boot-starter-test/2.0.6.RELEASE/spring-boot-starter-test-2.0.6.RELEASE.jar:/home/metallica/.m2/repository/org/springframework/boot/spring-boot-test/2.0.6.RELEASE/spring-boot-test-2.0.6.RELEASE.jar:/home/metallica/.m2/repository/org/springframework/boot/spring-boot-test-autoconfigure/2.0.6.RELEASE/spring-boot-test-autoconfigure-2.0.6.RELEASE.jar:/home/metallica/.m2/repository/com/jayway/jsonpath/json-path/2.4.0/json-path-2.4.0.jar:/home/metallica/.m2/repository/net/minidev/json-smart/2.3/json-smart-2.3.jar:/home/metallica/.m2/repository/net/minidev/accessors-smart/1.2/accessors-smart-1.2.jar:/home/metallica/.m2/repository/org/ow2/asm/asm/5.0.4/asm-5.0.4.jar:/home/metallica/.m2/repository/org/slf4j/slf4j-api/1.7.25/slf4j-api-1.7.25.jar:/home/metallica/.m2/repository/junit/junit/4.12/junit-4.12.jar:/home/metallica/.m2/repository/org/assertj/assertj-core/3.9.1/assertj-core-3.9.1.jar:/home/metallica/.m2/repository/org/mockito/mockito-core/2.15.0/mockito-core-2.15.0.jar:/home/metallica/.m2/repository/net/bytebuddy/byte-buddy/1.7.11/byte-buddy-1.7.11.jar:/home/metallica/.m2/repository/net/bytebuddy/byte-buddy-agent/1.7.11/byte-buddy-agent-1.7.11.jar:/home/metallica/.m2/repository/org/objenesis/objenesis/2.6/objenesis-2.6.jar:/home/metallica/.m2/repository/org/hamcrest/hamcrest-core/1.3/hamcrest-core-1.3.jar:/home/metallica/.m2/repository/org/hamcrest/hamcrest-library/1.3/hamcrest-library-1.3.jar:/home/metallica/.m2/repository/org/skyscreamer/jsonassert/1.5.0/jsonassert-1.5.0.jar:/home/metallica/.m2/repository/com/vaadin/external/google/android-json/0.0.20131108.vaadin1/android-json-0.0.20131108.vaadin1.jar:/home/metallica/.m2/repository/org/springframework/spring-test/5.0.10.RELEASE/spring-test-5.0.10.RELEASE.jar:/home/metallica/.m2/repository/org/xmlunit/xmlunit-core/2.5.1/xmlunit-core-2.5.1.jar:/home/metallica/.m2/repository/org/eclipse/leshan/leshan-server-cf/1.0.0-M9/leshan-server-cf-1.0.0-M9.jar:/home/metallica/.m2/repository/org/eclipse/leshan/leshan-core-cf/1.0.0-M9/leshan-core-cf-1.0.0-M9.jar:/home/metallica/.m2/repository/org/eclipse/leshan/leshan-core/1.0.0-M9/leshan-core-1.0.0-M9.jar:/home/metallica/.m2/repository/com/eclipsesource/minimal-json/minimal-json/0.9.5/minimal-json-0.9.5.jar:/home/metallica/.m2/repository/org/eclipse/leshan/leshan-server-core/1.0.0-M9/leshan-server-core-1.0.0-M9.jar:/home/metallica/.m2/repository/org/eclipse/californium/californium-core/2.0.0-M12/californium-core-2.0.0-M12.jar:/home/metallica/.m2/repository/org/eclipse/californium/element-connector/2.0.0-M12/element-connector-2.0.0-M12.jar:/home/metallica/.m2/repository/org/eclipse/californium/element-connector/2.0.0-M12/element-connector-2.0.0-M12-tests.jar:/home/metallica/.m2/repository/org/eclipse/californium/scandium/2.0.0-M12/scandium-2.0.0-M12.jar:/home/metallica/.m2/repository/com/pi4j/pi4j-core/1.2-SNAPSHOT/pi4j-core-1.2-SNAPSHOT.jar:/home/metallica/.m2/repository/com/google/code/gson/gson/2.8.5/gson-2.8.5.jar:/home/metallica/.m2/repository/org/json/json/20160810/json-20160810.jar:/home/metallica/.m2/repository/com/kohlschutter/junixsocket/junixsocket-core/2.2.0/junixsocket-core-2.2.0.jar:/home/metallica/.m2/repository/com/kohlschutter/junixsocket/junixsocket-native-common/2.2.0/junixsocket-native-common-2.2.0.jar:/home/metallica/.m2/repository/com/kohlschutter/junixsocket/junixsocket-common/2.2.0/junixsocket-common-2.2.0.jar:"/>
    <property name="sun.cpu.endian" value="little"/>
    <property name="user.home" value="/home/metallica"/>
    <property name="user.language" value="en"/>
    <property name="java.specification.vendor" value="Oracle Corporation"/>
    <property name="java.home" value="/usr/lib/jvm/java-8-openjdk-amd64/jre"/>
    <property name="skipTets" value="true"/>
    <property name="basedir" value="/home/metallica/Documents/ΗΜΤΥ/Thesis/GREGOR_CHAIR_CASE_STUDY/Gregor Chair - FINAL/RPI/gregor-chair-case-study-diploma-thesis/Workbench1/Workbench1_Coordinator"/>
    <property name="file.separator" value="/"/>
    <property name="line.separator" value="&#10;"/>
    <property name="java.vm.specification.vendor" value="Oracle Corporation"/>
    <property name="java.specification.name" value="Java Platform API Specification"/>
    <property name="java.awt.graphicsenv" value="sun.awt.X11GraphicsEnvironment"/>
    <property name="surefire.real.class.path" value="/home/metallica/Documents/ΗΜΤΥ/Thesis/GREGOR_CHAIR_CASE_STUDY/Gregor Chair - FINAL/RPI/gregor-chair-case-study-diploma-thesis/Workbench1/Workbench1_Coordinator/target/surefire/surefirebooter7508076892701488025.jar"/>
    <property name="sun.boot.class.path" value="/usr/lib/jvm/java-8-openjdk-amd64/jre/lib/resources.jar:/usr/lib/jvm/java-8-openjdk-amd64/jre/lib/rt.jar:/usr/lib/jvm/java-8-openjdk-amd64/jre/lib/sunrsasign.jar:/usr/lib/jvm/java-8-openjdk-amd64/jre/lib/jsse.jar:/usr/lib/jvm/java-8-openjdk-amd64/jre/lib/jce.jar:/usr/lib/jvm/java-8-openjdk-amd64/jre/lib/charsets.jar:/usr/lib/jvm/java-8-openjdk-amd64/jre/lib/jfr.jar:/usr/lib/jvm/java-8-openjdk-amd64/jre/classes"/>
    <property name="sun.management.compiler" value="HotSpot 64-Bit Tiered Compilers"/>
    <property name="java.runtime.version" value="1.8.0_222-8u222-b10-1ubuntu1~16.04.1-b10"/>
    <property name="user.name" value="metallica"/>
    <property name="path.separator" value=":"/>
    <property name="os.version" value="4.15.0-62-generic"/>
    <property name="java.endorsed.dirs" value="/usr/lib/jvm/java-8-openjdk-amd64/jre/lib/endorsed"/>
    <property name="java.runtime.name" value="OpenJDK Runtime Environment"/>
    <property name="file.encoding" value="UTF-8"/>
    <property name="java.vm.name" value="OpenJDK 64-Bit Server VM"/>
    <property name="localRepository" value="/home/metallica/.m2/repository"/>
    <property name="java.vendor.url.bug" value="http://bugreport.sun.com/bugreport/"/>
    <property name="java.io.tmpdir" value="/tmp"/>
    <property name="java.version" value="1.8.0_222"/>
    <property name="user.dir" value="/home/metallica/Documents/ΗΜΤΥ/Thesis/GREGOR_CHAIR_CASE_STUDY/Gregor Chair - FINAL/RPI/gregor-chair-case-study-diploma-thesis/Workbench1/Workbench1_Coordinator"/>
    <property name="os.arch" value="amd64"/>
    <property name="java.vm.specification.name" value="Java Virtual Machine Specification"/>
    <property name="java.awt.printerjob" value="sun.print.PSPrinterJob"/>
    <property name="sun.os.patch.level" value="unknown"/>
    <property name="java.library.path" value="/usr/java/packages/lib/amd64:/usr/lib/x86_64-linux-gnu/jni:/lib/x86_64-linux-gnu:/usr/lib/x86_64-linux-gnu:/usr/lib/jni:/lib:/usr/lib"/>
    <property name="java.vm.info" value="mixed mode"/>
    <property name="java.vendor" value="Private Build"/>
    <property name="java.vm.version" value="25.222-b10"/>
    <property name="java.ext.dirs" value="/usr/lib/jvm/java-8-openjdk-amd64/jre/lib/ext:/usr/java/packages/lib/ext"/>
    <property name="sun.io.unicode.encoding" value="UnicodeLittle"/>
    <property name="java.class.version" value="52.0"/>
  </properties>
  <testcase name="contextLoads" classname="workbench1.Workbench1CpmsApplicationTests" time="0.071"/>
</testsuite>